<?xml version="1.0" encoding="UTF-8"?>
<testsuite xmlns:xsi="http://www.w3.org/2001/XMLSchema-instance" xsi:noNamespaceSchemaLocation="https://maven.apache.org/surefire/maven-surefire-plugin/xsd/surefire-test-report.xsd" name="com.pluralsight.bookstore.repository.BookRepositoryTest" time="1.508" tests="3" errors="0" skipped="0" failures="0">
  <properties>
[...]
</properties>
  <testcase name="create" classname="com.pluralsight.bookstore.repository.BookRepositoryTest" time="0.132"/>
  <testcase name="createInvalidBook" classname="com.pluralsight.bookstore.repository.BookRepositoryTest" time="0.025"/>
  <testcase name="findWithInvalidId" classname="com.pluralsight.bookstore.repository.BookRepositoryTest" time="0.04"/>
</testsuite>